app/build/intermediates/manifest_merge_blame_file/debug/manifest-merger-blame-debug-report.txt
1<?xml version="1.0" encoding="utf-8"?>
2<manifest xmlns:android="http://schemas.android.com/apk/res/android"
3    package="com.azis.movielist"
4    android:versionCode="1"
5    android:versionName="1.0" >
6
7    <uses-sdk
8        android:minSdkVersion="21"
8-->src\main\AndroidManifest.xml
9        android:targetSdkVersion="29" />
9-->src\main\AndroidManifest.xml
10
11    <uses-permission android:name="android.permission.INTERNET" />
11-->src\main\AndroidManifest.xml:6:5-67
11-->src\main\AndroidManifest.xml:6:22-64
12    <uses-permission android:name="android.permission.WAKE_LOCK" />
12-->src\main\AndroidManifest.xml:7:5-68
12-->src\main\AndroidManifest.xml:7:22-65
13    <uses-permission android:name="android.permission.VIBRATE" />
13-->src\main\AndroidManifest.xml:8:5-66
13-->src\main\AndroidManifest.xml:8:22-63
14    <uses-permission android:name="android.permission.ACCESS_NETWORK_STATE" />
14-->[io.realm:realm-android-library-object-server:5.1.0] AndroidManifest.xml:10:5-79
14-->[io.realm:realm-android-library-object-server:5.1.0] AndroidManifest.xml:10:22-76
15
16    <application
16-->src\main\AndroidManifest.xml:10:5-45:19
17        android:allowBackup="true"
17-->src\main\AndroidManifest.xml:11:9-35
18        android:appComponentFactory="androidx.core.app.CoreComponentFactory"
18-->[androidx.core:core:1.3.0] AndroidManifest.xml:24:18-86
19        android:debuggable="true"
20        android:icon="@mipmap/ic_launcher"
20-->src\main\AndroidManifest.xml:12:9-43
21        android:label="@string/app_name"
21-->src\main\AndroidManifest.xml:13:9-41
22        android:roundIcon="@mipmap/ic_launcher_round"
22-->src\main\AndroidManifest.xml:14:9-54
23        android:supportsRtl="true"
23-->src\main\AndroidManifest.xml:15:9-35
24        android:testOnly="true"
25        android:theme="@style/AppTheme"
25-->src\main\AndroidManifest.xml:16:9-40
26        android:usesCleartextTraffic="true" >
26-->src\main\AndroidManifest.xml:17:9-44
27        <activity
27-->src\main\AndroidManifest.xml:18:9-20:39
28            android:name="com.azis.movielist.activities.MainActivity"
28-->src\main\AndroidManifest.xml:19:13-52
29            android:exported="true" />
29-->src\main\AndroidManifest.xml:20:13-36
30        <activity android:name="com.azis.movielist.activities.SettingActivity" />
30-->src\main\AndroidManifest.xml:21:9-64
30-->src\main\AndroidManifest.xml:21:19-61
31        <activity android:name="com.azis.movielist.activities.DetailMovieActivity" />
31-->src\main\AndroidManifest.xml:22:9-68
31-->src\main\AndroidManifest.xml:22:19-65
32        <activity android:name="com.azis.movielist.activities.DetailTelevisionActivity" />
32-->src\main\AndroidManifest.xml:23:9-73
32-->src\main\AndroidManifest.xml:23:19-70
33        <activity
33-->src\main\AndroidManifest.xml:24:9-33:20
34            android:name="com.azis.movielist.SplashScreen"
34-->src\main\AndroidManifest.xml:25:13-41
35            android:configChanges="keyboardHidden|orientation|screenSize"
35-->src\main\AndroidManifest.xml:26:13-74
36            android:windowSoftInputMode="adjustPan" >
36-->src\main\AndroidManifest.xml:27:13-52
37            <intent-filter>
37-->src\main\AndroidManifest.xml:28:13-32:29
38                <action android:name="android.intent.action.MAIN" />
38-->src\main\AndroidManifest.xml:29:17-69
38-->src\main\AndroidManifest.xml:29:25-66
39
40                <category android:name="android.intent.category.LAUNCHER" />
40-->src\main\AndroidManifest.xml:31:17-77
40-->src\main\AndroidManifest.xml:31:27-74
41            </intent-filter>
42        </activity>
43
44        <receiver
44-->src\main\AndroidManifest.xml:35:9-39:47
45            android:name="com.azis.movielist.notification.NotificationReleaseReceiver"
45-->src\main\AndroidManifest.xml:36:13-69
46            android:enabled="true"
46-->src\main\AndroidManifest.xml:37:13-35
47            android:exported="true" />
47-->src\main\AndroidManifest.xml:38:13-36
48        <receiver
48-->src\main\AndroidManifest.xml:40:9-44:47
49            android:name="com.azis.movielist.notification.NotificationDailyReceiver"
49-->src\main\AndroidManifest.xml:41:13-67
50            android:enabled="true"
50-->src\main\AndroidManifest.xml:42:13-35
51            android:exported="true" />
51-->src\main\AndroidManifest.xml:43:13-36
52
53        <provider
53-->[androidx.lifecycle:lifecycle-process:2.2.0] AndroidManifest.xml:25:9-29:43
54            android:name="androidx.lifecycle.ProcessLifecycleOwnerInitializer"
54-->[androidx.lifecycle:lifecycle-process:2.2.0] AndroidManifest.xml:26:13-79
55            android:authorities="com.azis.movielist.lifecycle-process"
55-->[androidx.lifecycle:lifecycle-process:2.2.0] AndroidManifest.xml:27:13-69
56            android:exported="false"
56-->[androidx.lifecycle:lifecycle-process:2.2.0] AndroidManifest.xml:28:13-37
57            android:multiprocess="true" />
57-->[androidx.lifecycle:lifecycle-process:2.2.0] AndroidManifest.xml:29:13-40
58    </application>
59
60</manifest>